d:\mycode\libeventstudy\libevent\debug\libevent.pdb
d:\mycode\libeventstudy\libevent\debug\libevent.idb
d:\mycode\libeventstudy\libevent\debug\bufferevent_ratelim.obj
d:\mycode\libeventstudy\libevent\debug\bufferevent_sock.obj
d:\mycode\libeventstudy\libevent\debug\buffer_iocp.obj
d:\mycode\libeventstudy\libevent\debug\evdns.obj
d:\mycode\libeventstudy\libevent\debug\event.obj
d:\mycode\libeventstudy\libevent\debug\event_iocp.obj
d:\mycode\libeventstudy\libevent\debug\event_tagging.obj
d:\mycode\libeventstudy\libevent\debug\evmap.obj
d:\mycode\libeventstudy\libevent\debug\evrpc.obj
d:\mycode\libeventstudy\libevent\debug\evthread.obj
d:\mycode\libeventstudy\libevent\debug\evthread_win32.obj
d:\mycode\libeventstudy\libevent\debug\evutil.obj
d:\mycode\libeventstudy\libevent\debug\evutil_rand.obj
d:\mycode\libeventstudy\libevent\debug\evutil_time.obj
d:\mycode\libeventstudy\libevent\debug\http.obj
d:\mycode\libeventstudy\libevent\debug\listener.obj
d:\mycode\libeventstudy\libevent\debug\log.obj
d:\mycode\libeventstudy\libevent\debug\signal.obj
d:\mycode\libeventstudy\libevent\debug\strlcpy.obj
d:\mycode\libeventstudy\libevent\debug\win32select.obj
d:\mycode\libeventstudy\libevent\debug\bufferevent.obj
d:\mycode\libeventstudy\libevent\debug\bufferevent_async.obj
d:\mycode\libeventstudy\libevent\debug\bufferevent_filter.obj
d:\mycode\libeventstudy\libevent\debug\bufferevent_pair.obj
d:\mycode\libeventstudy\libevent\debug\libevent.tlog\cl.command.1.tlog
d:\mycode\libeventstudy\libevent\debug\libevent.tlog\cl.read.1.tlog
d:\mycode\libeventstudy\libevent\debug\libevent.tlog\cl.write.1.tlog
