  win32select.c
  strlcpy.c
  signal.c
  log.c
  listener.c
  http.c
  evutil_time.c
d:\mycode\libeventstudy\libevent\src\evutil_time.c(537): warning C4244: “=”: 从“__int64”转换到“long”，可能丢失数据
d:\mycode\libeventstudy\libevent\src\evutil_time.c(542): warning C4244: “=”: 从“time_t”转换到“long”，可能丢失数据
  evutil_rand.c
  evutil.c
  evthread_win32.c
  evthread.c
  evrpc.c
  evmap.c
  event_tagging.c
  event_iocp.c
  event.c
  evdns.c
  buffer_iocp.c
  bufferevent_sock.c
  bufferevent_ratelim.c
  正在生成代码...
  正在编译...
  bufferevent_pair.c
  bufferevent_filter.c
  bufferevent_async.c
  bufferevent.c
  buffer.c
d:\mycode\libeventstudy\libevent\src\buffer.c(3096): warning C4244: “函数”: 从“const __int64”转换到“std::size_t”，可能丢失数据
d:\mycode\libeventstudy\libevent\src\buffer.c(3107): warning C4244: “函数”: 从“__int64”转换到“unsigned int”，可能丢失数据
d:\mycode\libeventstudy\libevent\src\buffer.c(3225): warning C4244: “=”: 从“__int64”转换到“ev_misalign_t”，可能丢失数据
d:\mycode\libeventstudy\libevent\src\buffer.c(3226): warning C4244: “=”: 从“__int64”转换到“std::size_t”，可能丢失数据
d:\mycode\libeventstudy\libevent\src\buffer.c(3227): warning C4244: “=”: 从“__int64”转换到“std::size_t”，可能丢失数据
d:\mycode\libeventstudy\libevent\src\buffer.c(3245): warning C4244: “函数”: 从“unsigned __int64”转换到“SIZE_T”，可能丢失数据
d:\mycode\libeventstudy\libevent\src\buffer.c(3251): warning C4244: “=”: 从“unsigned __int64”转换到“std::size_t”，可能丢失数据
d:\mycode\libeventstudy\libevent\src\buffer.c(3252): warning C4244: “=”: 从“unsigned __int64”转换到“ev_misalign_t”，可能丢失数据
d:\mycode\libeventstudy\libevent\src\buffer.c(3253): warning C4244: “=”: 从“__int64”转换到“std::size_t”，可能丢失数据
d:\mycode\libeventstudy\libevent\src\buffer.c(3261): warning C4244: “=”: 从“__int64”转换到“std::size_t”，可能丢失数据
d:\mycode\libeventstudy\libevent\src\buffer.c(3262): warning C4244: “=”: 从“__int64”转换到“std::size_t”，可能丢失数据
d:\mycode\libeventstudy\libevent\src\buffer.c(3266): warning C4244: “+=”: 从“__int64”转换到“std::size_t”，可能丢失数据
  正在生成代码...
  Libevent.vcxproj -> D:\MyCode\LibeventStudy\Debug\Libevent.lib
